1109478;1413711
1719393;2025075
2330769;2636289
2942149;3247831
3553529;3859213
4164925;4470431
4776289;5081971
5387683;5693367
5998885;6304731
6610441;6916125
7221820;7527501
7833017;8138875
8444571;8750253
9055963;9361645
9667198;9972865
10278559;10584241
10889937;11195447
11501319;11807001
12112695;12418379
12724091;13029613
13335291;13640989
13946685;14252367
14557883;14863743
15169439;15475123
15780817;16086515
16392050;16697717
17003417;17309099
17614809;17920315
18226179;18531863
18837557;19143255
19448951;19754473
20060169;20365851
20671545;20977229
21282745;21588603
21894299;22199983
22505695;22811377
23116926;23422593
23728289;24033973
24339671;24645175
24951047;25256731
25562427;25868109
26173819;26479341
26785019;27090717
27396411;27702093
28007611;28313469
28619163;28924847
29230559;29536243
29841778;30147445
30453145;30758829
31064541;31370045
31675903;31981587
32287298;32592979
32898673;33204219
33509897;33815579
34121273;34426957
34732475;35038327
35344037;35649719
35955415;36261099
36566669;36872319
37178013;37483697
37789392;38094911
38400769;38706451
39012163;39317845
39623539;39929043
40234909;40540593
40846303;41151985
41457503;41763351
42069063;42374745
42680439;42986123
43291641;43597501
43903195;44208877
44514589;44820272
45125808;45431473
45737183;46042867
46348561;46654065
46959937;47265621
47571321;47877003
48182713;48488235
48793915;49099599
49405309;49710991
50016509;50322365
50628061;50933743
51239453;51545137
51850672;52156339
52462049;52767731
53073427;53378931
53684809;53990493
54296189;54601873
54907567;55213103
55518783;55824467
56130163;56435845
56741377;57047221
57352920;57658617
57964311;58269993
58575544;58881209
59186903;59492587
59798299;60103805
60409663;60715345
61021057;61326741
61632441;61937963
62243643;62549327
62855038;63160719
63466235;63772093
64077789;64383471
64689181;64994863
65300400;65606067
65911777;66217459
66523155;66828661
67134533;67440215
67745913;68051597
68357293;68662845
68968505;69274203
69579899;69885582
70191097;70496949
70802649;71108333
71414043;71719725
72025303;72330939
72636635;72942317
73248027;73553533
73859393;74165077
74470775;74776457
75082169;75387674
75693539;75999221
76304915;76610599
76916131;77221977
77527671;77833369
78139065;78444747
78750263;79056123
79361819;79667503
79973197;80278895
80584434;80890101
81195801;81501483
81807193;82112699
82418554;82724251
83029945;83335627
83641323;83946861
84252541;84558225
84863921;85169605
85475125;85780983
86086679;86392375
86698071;87003753
87309302;87614969
87920664;88226345
88532055;88837559
89143423;89449105
89754815;90060497
90366191;90671725
90977403;91283085
91588797;91894481
92199999;92505849
92811543;93117227
93422939;93728623
94034158;94339825
94645537;94951220
95256913;95562417
95868291;96173975
96479669;96785351
97091063;97396585
97702265;98007947
98313657;98619341
98924859;99230719
99536413;99842095
100147791;100453474
100759022;101064687
101370397;101676081
101981775;102287279
102593155;102898839
103204535;103510217
103815927;104121463
104427129;104732813
105038523;105344205
105649723;105955575
106261271;106566953
106872663;107178347
107483917;107789553
108095263;108400945
108706641;109012145
109318019;109623703
109929399;110235083
110540777;110846297
111152153;111457837
111763549;112069231
112374747;112680595
112986307;113291991
113597685;113903367
114208885;114514743
114820441;115126123
115431833;115737339
116043094;116348761
116654457;116960141
117265837;117571341
117877211;118182895
118488607;118794291
119099985;119405517
119711197;120016880
120322589;120628271
120933787;121239647
121545341;121851023
122156719;122462403
122767954;123073619
123379329;123685013
123990713;124296219
124602081;124907763
125213459;125519143
125824855;126130377
126436057;126741741
127047451;127353133
127658649;127964507
128270203;128575885
128881595;129187279
129492814;129798481
130104191;130409873
130715569;131021075
131326951;131632633
131938327;132244011
132549706;132855241
133160919;133466617
133772313;134077995
134383511;134689371
134995067;135300751
135606445;135912143
136217682;136523349
136829049;137134731
137440441;137745947
138051814;138357495
138663189;138968871
139274583;139580105
139885785;140191469
140497181;140802865
141108381;141414239
141719935;142025623
142331319;142637001
142942564;143248213
143553913;143859597
144165291;144470811
144776671;145082353
145388063;145693745
145999439;146308484
146610655;146916337
147222033;147527717
147833239;148139097
148444791;148750475
149056187;149361871
149667387;149973245
150278941;150584624
150890317;151195821
151501592;151807257
152112951;152418633
152724345;153029851
153335707;153641389
153947099;154252783
154558479;154864013
155169691;155475373
155781085;156086769
156392287;156698141
157003835;157309519
157615214;157920911
158226446;158532113
158837825;159143507
159449201;159754707
160060579;160366263
160671957;160977639
161283351;161588873
161894553;162200235
162505945;162811629
163117146;163423003
163728697;164034379
164340091;164645773
164951318;165256985
165562681;165868365
166174059;166479579
166785439;167091123
167396819;167702501
168008211;168313733
168619416;168925113
169230807;169536489
169842007;170147865
170453559;170759241
171064951;171370635
171676182;171981849
172287545;172593229
172898925;173204429
173510303;173815987
174121683;174427367
174733077;175038597
175344281;175649963
175955673;176261355
176566871;176872731
177178425;177484107
177789819;178095503
178401068;178706715
179012409;179318093
179623789;179929295
180235169;180540851
180846547;181152230
181457939;181764888
182069145;182374829
182680539;182986221
183291739;183597587
183903299;184208981
184514675;184820359
185125877;185431737
185737431;186043113
186348825;186654331
186960088;187265751
187571449;187877133
188182828;188488347
188794201;189099899
189405595;189711277
190016971;190322509
190628189;190933873
191239567;191545265
191850783;192156639
192462335;192768017
193073711;193379395
193684946;193990613
194296311;194601993
194907705;195213209
195519079;195824761
196130455;196436139
196741833;197047369
197353049;197658737
197964433;198270115
198575647;198881499
199187195;199492879
199798573;200104271
200409806;200715471
201021181;201326863
201632557;201938063
202243937;202549619
202855315;203160999
203466711;203772233
204077913;204383597
204689309;204994993
205300509;205606367
205912063;206217746
206523439;206829121
207134670;207440337
207746047;208051729
208357425;208662931
208968807;209274489
209580183;209885867
210191563;210497101
210802779;211108461
211414173;211719856
212025371;212331229
212636923;212942607
213248301;213553999
213859564;214165213
214470909;214776591
215082285;215387791
215693667;215999351
216305045;216610727
216916439;217221980
217527641;217833323
218139033;218444717
218750234;219056091
219361785;219667467
219973179;220278861
220584377;220890237
221195933;221501617
221807311;222112815
222418588;222724253
223029949;223335631
223641325;223946831
224252699;224558383
224864093;225169775
225475471;225780997
226086681;226392363
226698073;227003757
227309273;227615131
227920827;228226511
228532207;228837889
229143438;229449105
229754817;230060501
230366199;230671703
230977575;231283258
231588951;231894633
232200343;232505865
232811543;233117241
233422937;233728621
234034139;234339997
234645691;234951375
235257071;235562755
235868306;236173973
236479673;236785356
237091065;237396569
237702439;238008123
238313817;238619499
238925193;239230729
239536409;239842091
240147801;240453485
240758999;241064859
241370553;241676235
241981947;242287631
242593166;242898831
243204541;243510225
243815919;244121423
244427299;244732983
245038679;245344361
245650071;245955593
246261273;246566957
246872667;247178349
247483867;247789727
248095423;248401105
248706799;249012483
249318048;249623697
249929407;250235089
250540785;250846289
251152163;251457847
251763543;252069227
252374921;252680476
252986137;253291821
253597533;253903215
254208731;254514579
254820291;255125975
255431669;255737351
256042869;256348727
256654425;256960107
257265817;257571323
257877185;258182867
258488563;258794247
259099959;259405463
259711333;260017017
260322713;260628397
260934091;261239627
261545307;261850990
262156699;262462381
262767897;263073757
263379451;263685133
263990827;264296525
264602064;264907729
265213439;265519123
265824811;266130317
266436183;266741881
267047577;267353261
267658957;267964495
268270175;268575859
268881553;269187235
269492767;269798621
270104317;270409999
270715693;271021377
271326928;271632595
271938289;272243987
272549683;272855189
273161061;273466743
273772441;274078125
274383820;274689355
274995033;275300715
275606427;275912109
276217625;276523485
276829181;277134865
277440559;277746241
278051792;278357459
278663155;278968837
279274547;279580053
279885925;280191609
280497303;280802985
281108681;281414219
281719899;282025581
282331291;282636975
282942491;283248349
283554045;283859729
284165425;284471107
284776670;285082319
285388031;285693715
285999409;286304913
286610789;286916472
287222169;287527851
287833545;288139106
288444765;288750447
289056143;289361827
289667361;289973207
290278905;290584589
290890285;291195969
291501501;291807343
292113055;292418739
292724435;293029939
293335813;293641497
293947192;294252873
294558567;294864087
295169943;295475625
295781335;296087019
296392715;296698253
297003931;297309613
297615309;297920993
298226527;298532365
298838075;299143759
299449454;299755135
300060686;300366353
300672049;300977731
301283441;301588947
301894819;302200503
302506197;302811879
303117575;303423113
303728793;304034475
304340185;304645869
304951387;305257231
305562941;305868623
306174319;306480002
306785550;307091215
307396925;307702609
308008303;308313807
308619683;308925367
309231063;309536745
309842439;310147977
310453657;310759341
311065035;311370733
311676251;311982094
312287803;312593485
312899179;313204863
313510414;313816081
314121777;314427461
314733161;315038665
315344535;315650219
315955931;316261615
316567309;316872845
317178525;317484208
317789901;318095583
318401115;318706959
319012669;319318351
319624045;319929727
320235292;320540939
320846649;321152333
321458037;321763543
322069397;322375095
322680791;322986475
323292171;323597732
323903393;324209077
324514775;324820457
325125973;325431835
325737531;326043213
326348907;326654591
326960125;327265965
327571675;327877357
328183053;328488559
328794435;329100117
329405811;329711495
330017191;330322697
330628567;330934249
331239961;331545644
331851159;332156909
332462589;332768273
333073967;333379649
333685183;333991023
334296735;334602417
334908111;335213795
335519346;335825013
336130711;336436393
336742089;337047594
337353463;337659145
337964855;338270539
338576233;338881769
339187449;339493133
339798829;340104511
340410043;340715887
341021591;341327275
341632969;341938667
342244214;342549881
342855577;343161259
343466953;343772459
344078333;344384015
344689709;344995407
345301103;345606637
345912317;346218001
346523697;346829381
347134901;347440759
347746455;348052139
348357835;348663517
348969078;349274745
349580440;349886121
350191815;350497335
350803191;351108873
351414583;351720267
352025963;352331501
352637179;352942861
353248557;353554241
353859775;354165625
354471319;354777003
355082699;355388383
355693948;355999597
356305309;356610991
356916685;357222189
357528063;357833747
358139441;358445123
358750835;359056380
359362041;359667723
359973433;360279117
360584635;360890483
361196177;361501875
361807571;362113254
362421465;362724619
363030329;363336013
363641707;363947211
364253087;364558771
364864467;365170149
365475859;365781365
366087225;366392909
366698603;367004301
367309819;367615563
367921241;368226923
368532633;368838317
369143834;369449691
369755385;370061067
370366763;370672445
370978006;371283673
371589369;371895053
372200747;372506251
372812123;373117807
373423503;373729185
374034895;374340429
374646108;374951789
375257483;375563181
375868699;376174541
376480251;376785935
377091631;377397315
377702866;378008533
378314233;378619917
378925613;379231117
379536995;379842679
380148375;380454059
380759753;381065289
381370969;381676651
381982361;382288043
382593559;382899419
383205113;383510795
383816491;384122175
384427726;384733391
385039101;385344785
385650481;385955987
386261845;386567543
386873239;387178922
387484615;387790153
388095833;388401517
388707211;389012909
389318427;389624271
389929983;390235665
390541359;390847043
391152598;391458265
391763959;392069641
392375337;392680842
392986711;393292393
393598103;393903787
394209481;394515031
394820697;395126381
395432077;395737759
396043291;396349143
396654843;396960527
397266221;397571903
397880101;398183129
398488825;398794507
399100201;399405707
399711582;400017263
400322957;400628655
400934351;401239855
401545717;401851401
402157113;402462797
402768313;403074063
403379741;403685425
403991121;404296803
404602335;404908175
405213887;405519571
405825265;406130947
406436498;406742163
407047857;407353541
407659241;407964747
408270617;408576299
408882011;409187695
409493391;409798925
410104605;410410289
410715985;411021669
411327189;411633047
411938743;412244426
412550135;412855817
413161366;413467033
413772727;414078409
414384105;414689611
414995491;415301173
415606867;415912551
416218247;416523785
416829463;417135145
417440857;417746540
418052055;418357913
418663607;418969291
419274985;419580683
419886230;420191897
420497593;420803275
421108969;421414475
421720351;422026035
422331729;422637411
422943123;423248645
423554329;423860011
424165721;424471405
424776921;425082779
425388473;425694155
425999851;426305533
426611094;426916761
427222457;427528141
427833835;428139339
428445215;428750899
429056595;429362277
429667987;429973523
430279200;430584881
430890575;431196257
431501791;431807633
432113343;432419027
432724723;433030407
433336505;433641613
433947325;434253009
434558705;434864209
435170083;435475767
435781462;436087143
436392837;436698357
437004225;437309907
437615601;437921283
438226815;438532559
438838235;439143917
439449613;439755297
440060831;440366669
440672379;440978063
441283759;441589443
441894990;442200657
442506353;442812036
443117745;443423249
443729115;444034799
444340493;444646191
444951887;445257421
445563101;445868783
446174477;446480161
446785695;447091547
447397241;447702923
448008619;448314303
448619854;448925519
449231229;449536913
449842607;450148111
450453987;450759671
451065367;451371049
451676743;451982281
452287961;452593645
452899339;453205037
453510555;453816399
454122111;454427793
454733487;455039171
455344722;455650389
455956087;456261769
456567465;456872969
457178839;457484523
457790235;458095919
458401613;458707149
459012829;459318513
459624209;459929891
460235423;460541275
460846970;461152651
461458345;461764043
462069590;462375255
462680953;462986637
463292333;463597839
463903713;464209395
464515091;464820783
465126479;465432027
465737689;466043373
466349068;466654765
466960281;467266131
467571827;467877509
468183219;468488901
468794469;469100121
469405815;469711497
470017193;470322699
470628575;470934257
471239951;471545635
471851347;472156853
472462719;472768401
473074097;473379780
473685311;473991161
474296855;474602539
474908233;475213931
475519447;475825305
476131001;476436683
476742377;477048061
477353616;477659283
477964977;478270659
478576371;478881877
479187733;479493415
479799129;480104813
480410508;480716043
481021721;481327403
481633099;481938781
482244313;482550157
482855869;483161553
483467247;483772929
484078480;484384147
484689843;484995525
485301235;485606741
485912604;486218285
486523979;486829677
487135373;487440895
487746591;488052275
488357971;488663655
488969171;489275029
489580729;489886417
490192113;490497795
490803344;491109011
491414707;491720391
492026085;492331605
492637461;492943143
493248857;493554539
493860233;494165771
494471449;494777131
495082827;495388511
495694045;495999883
496305593;496611277
496916973;497222657
497528208;497833875
498139571;498445254
498750963;499056467
499362325;499668009
499973719;500279401
500585097;500890649
501196311;501501993
501807703;502113387
502418905;502724757
503030455;503336137
503641833;503947517
504253095;504558729
504864439;505170123
505475817;505781321
506087197;506392881
506698577;507004259
507309969;507615475
507921343;508227027
508532721;508838403
509143921;509449773
509755485;510061167
510366861;510672545
510978062;511283919
511589613;511895311
512201007;512506689
512812242;513117909
513423609;513729293
514034987;514340491
514646363;514952047
515257743;515563425
515869135;516174653
516480349;516786033
517091727;517397409
517702927;518008777
518314487;518620169
518925863;519231547
519537094;519842761
520148473;520454157
520759853;521065357
521371219;521676903
521982615;522288299
522593993;522899529
523205209;523510892
523816585;524122267
524427799;524733643
525039353;525345035
525650731;525956415
526261966;526567631
526873325;527179009
527484721;527790227
528096085;528401767
528707479;529013163
529318859;529624381
529930077;530235761
530541455;530847137
531152653;531458511
531764207;532069889
532375599;532681283
532986834;533292501
533598199;533903881
534209577;534515083
534820959;535126641
535432335;535738019
536043714;536349275
536654935;536960617
537266313;537571995
537877527;538183379
538489075;538794759
539100453;539406151
539711725;540017361
540323057;540628739
540934449;541239955
541545814;541851495
542157205;542462887
542768583;543074087
543379953;543685635
543991345;544297029
544602549;544908395
545214107;545519791
545825487;546131169
546436685;546742541
547048237;547353921
547659631;547965313
548270852;548576518
548882227;549187909
549493603;549799109
550104979;550410661
550716361;551022045
551327757;551633279
551938959;552244643
552550343;552856027
553161559;553467401
553773113;554078797
554384493;554690175
554995728;555301395
555607089;555912771
556218465;556523985
556829849;557135531
557441225;557746909
558052621;558358143
558663821;558969519
559275215;559580899
559886417;560192275
560497969;560803653
561109352;561415033
561720584;562026251
562331947;562637629
562943339;563248845
563554705;563860389
564166087;564471785
564777481;565083003
565388699;565694381
566000075;566305759
566611276;566917133
567222827;567528525
567834221;568139903
568445456;568751123
569056819;569362503
569668197;569973701
570279573;570585257
570890953;571196635
571502345;571807897
572113559;572419243
572724937;573030619
573336153;573642004
573947697;574253379
574559089;574864773
575170347;575475983
575781679;576087363
576393059;576698563
577004437;577310121
577615817;577921501
578227211;578532715
578838583;579144266
579449959;579755641
580061173;580367017
580672727;580978409
581284103;581589785
581895319;582201161
582506871;582812555
583118251;583423757
583729512;584035179
584340875;584646559
584952271;585257775
585563641;585869325
586175020;586480701
586786411;587091931
587397627;587703309
588009003;588314687
588620205;588926061
589231755;589537453
589843149;590148837
590454372;590760037
591065747;591371431
591677127;591982633
592288495;592594193
592899889;593205571
593511265;593816807
594122487;594428171
594733865;595039547
595345081;595650925
595956621;596262303
596568013;596873697
597179248;597484915
597790609;598096291
598401987;598707492
599013365;599319047
599624745;599930429
600236139;600541659
600847355;601153039
601458735;601764417
602069933;602375789
602681485;602987169
603292879;603598561
603904112;604209778
604515471;604821153
605126863;605432369
605738227;606043909
606349607;606655305
606961001;607266553
607572215;607877899
608183591;608489275
608794807;609100657
609406353;609712037
610017737;610323419
610628991;610934643
611240337;611546019
611851713;612157233
